<?xml version="1.0" encoding="utf-8"?><testsuites><testsuite name="pytest" errors="0" failures="1" skipped="0" tests="1" time="3.909" timestamp="2022-03-16T13:09:48.307461" hostname="Erezs-MacBook-Pro.local"><testcase classname="test_listings_2_fact_alignment" name="test_active_mongo_properties_vs_common_fact" time="2.514"><failure message="AttributeError: 'NoneType' object has no attribute 'get'">E   AttributeError: 'NoneType' object has no attribute 'get'</failure></testcase></testsuite></testsuites>